<?xml version="1.0" encoding="UTF-8"?>
<!-- Generated by org.testng.reporters.JUnitReportReporter -->
<testsuite skipped="0" hostname="DESKTOP-DTCQNHL" name="com.paytm.qa.testcases.LoginPageTest" tests="1" failures="0" timestamp="27 Jul 2019 13:27:05 GMT" time="37.707" errors="0">
  <testcase name="LoginMethod" time="37.707" classname="com.paytm.qa.testcases.LoginPageTest"/>
</testsuite> <!-- com.paytm.qa.testcases.LoginPageTest -->
