<?xml version="1.0" encoding="UTF-8"?>
<!-- Generated by org.testng.reporters.JUnitReportReporter -->
<testsuite skipped="2" hostname="DESKTOP-DTCQNHL" name="com.paytm.qa.testcases.HomePageTest" tests="3" failures="0" timestamp="27 Jul 2019 10:34:23 GMT" time="16.899" errors="0">
  <testcase name="loginpage" time="16.899" classname="com.paytm.qa.testcases.HomePageTest"/>
  <testcase name="titleCheck" classname="com.paytm.qa.testcases.HomePageTest">
    <skipped/>
  </testcase> <!-- titleCheck -->
  <testcase name="broabandpageopen" classname="com.paytm.qa.testcases.HomePageTest">
    <skipped/>
  </testcase> <!-- broabandpageopen -->
</testsuite> <!-- com.paytm.qa.testcases.HomePageTest -->
